{"E:\\Escritorio\\rest-api\\src\\router.ts": {"path":"E:\\Escritorio\\rest-api\\src\\router.ts","statementMap":{"0":{"start":{"line":1,"column":0},"end":{"line":1,"column":33}},"1":{"start":{"line":2,"column":0},"end":{"line":2,"column":48}},"2":{"start":{"line":3,"column":0},"end":{"line":3,"column":130}},"3":{"start":{"line":4,"column":0},"end":{"line":4,"column":55}},"4":{"start":{"line":6,"column":15},"end":{"line":6,"column":23}},"5":{"start":{"line":83,"column":0},"end":{"line":83,"column":29}},"6":{"start":{"line":85,"column":0},"end":{"line":85,"column":84}},"7":{"start":{"line":120,"column":0},"end":{"line":132,"column":2}},"8":{"start":{"line":126,"column":23},"end":{"line":126,"column":32}},"9":{"start":{"line":178,"column":0},"end":{"line":191,"column":2}},"10":{"start":{"line":184,"column":23},"end":{"line":184,"column":32}},"11":{"start":{"line":223,"column":0},"end":{"line":223,"column":109}},"12":{"start":{"line":256,"column":0},"end":{"line":256,"column":105}},"13":{"start":{"line":258,"column":0},"end":{"line":258,"column":22}}},"fnMap":{"0":{"name":"(anonymous_0)","decl":{"start":{"line":126,"column":12},"end":{"line":126,"column":13}},"loc":{"start":{"line":126,"column":23},"end":{"line":126,"column":32}}},"1":{"name":"(anonymous_1)","decl":{"start":{"line":184,"column":12},"end":{"line":184,"column":13}},"loc":{"start":{"line":184,"column":23},"end":{"line":184,"column":32}}}},"branchMap":{},"s":{"0":2,"1":2,"2":2,"3":2,"4":2,"5":2,"6":2,"7":2,"8":4,"9":2,"10":5,"11":2,"12":2,"13":2},"f":{"0":4,"1":5},"b":{}}
,"E:\\Escritorio\\rest-api\\src\\server.ts": {"path":"E:\\Escritorio\\rest-api\\src\\server.ts","statementMap":{"0":{"start":{"line":1,"column":0},"end":{"line":1,"column":30}},"1":{"start":{"line":2,"column":0},"end":{"line":2,"column":30}},"2":{"start":{"line":3,"column":0},"end":{"line":3,"column":29}},"3":{"start":{"line":4,"column":0},"end":{"line":4,"column":28}},"4":{"start":{"line":5,"column":0},"end":{"line":5,"column":43}},"5":{"start":{"line":6,"column":0},"end":{"line":6,"column":65}},"6":{"start":{"line":10,"column":2},"end":{"line":17,"column":3}},"7":{"start":{"line":11,"column":4},"end":{"line":11,"column":28}},"8":{"start":{"line":12,"column":4},"end":{"line":12,"column":14}},"9":{"start":{"line":15,"column":4},"end":{"line":15,"column":23}},"10":{"start":{"line":16,"column":4},"end":{"line":16,"column":82}},"11":{"start":{"line":20,"column":0},"end":{"line":20,"column":12}},"12":{"start":{"line":23,"column":15},"end":{"line":23,"column":24}},"13":{"start":{"line":26,"column":0},"end":{"line":26,"column":27}},"14":{"start":{"line":28,"column":0},"end":{"line":28,"column":36}},"15":{"start":{"line":30,"column":0},"end":{"line":30,"column":85}},"16":{"start":{"line":32,"column":0},"end":{"line":34,"column":null}},"17":{"start":{"line":33,"column":2},"end":{"line":33,"column":null}},"18":{"start":{"line":36,"column":0},"end":{"line":36,"column":22}}},"fnMap":{"0":{"name":"connectDB","decl":{"start":{"line":9,"column":15},"end":{"line":9,"column":24}},"loc":{"start":{"line":9,"column":24},"end":{"line":18,"column":1}}},"1":{"name":"(anonymous_8)","decl":{"start":{"line":32,"column":19},"end":{"line":32,"column":20}},"loc":{"start":{"line":32,"column":31},"end":{"line":34,"column":1}}}},"branchMap":{},"s":{"0":2,"1":2,"2":2,"3":2,"4":2,"5":2,"6":2,"7":2,"8":1,"9":0,"10":0,"11":2,"12":2,"13":2,"14":2,"15":2,"16":2,"17":1,"18":2},"f":{"0":2,"1":1},"b":{}}
,"E:\\Escritorio\\rest-api\\src\\config\\db.ts": {"path":"E:\\Escritorio\\rest-api\\src\\config\\db.ts","statementMap":{"0":{"start":{"line":1,"column":0},"end":{"line":1,"column":49}},"1":{"start":{"line":2,"column":0},"end":{"line":2,"column":28}},"2":{"start":{"line":3,"column":0},"end":{"line":3,"column":46}},"3":{"start":{"line":5,"column":0},"end":{"line":5,"column":16}},"4":{"start":{"line":7,"column":11},"end":{"line":11,"column":2}},"5":{"start":{"line":13,"column":0},"end":{"line":13,"column":24}},"6":{"start":{"line":15,"column":0},"end":{"line":15,"column":18}}},"fnMap":{},"branchMap":{},"s":{"0":2,"1":2,"2":2,"3":2,"4":2,"5":2,"6":2},"f":{},"b":{}}
,"E:\\Escritorio\\rest-api\\src\\config\\swagger.ts": {"path":"E:\\Escritorio\\rest-api\\src\\config\\swagger.ts","statementMap":{"0":{"start":{"line":1,"column":0},"end":{"line":1,"column":41}},"1":{"start":{"line":4,"column":39},"end":{"line":18,"column":null}},"2":{"start":{"line":20,"column":20},"end":{"line":20,"column":41}},"3":{"start":{"line":22,"column":44},"end":{"line":34,"column":null}},"4":{"start":{"line":38,"column":2},"end":{"line":38,"column":18}},"5":{"start":{"line":36,"column":0},"end":{"line":36,"column":null}}},"fnMap":{},"branchMap":{},"s":{"0":2,"1":2,"2":2,"3":2,"4":2,"5":2},"f":{},"b":{}}
,"E:\\Escritorio\\rest-api\\src\\handlers\\product.ts": {"path":"E:\\Escritorio\\rest-api\\src\\handlers\\product.ts","statementMap":{"0":{"start":{"line":2,"column":0},"end":{"line":2,"column":46}},"1":{"start":{"line":5,"column":27},"end":{"line":15,"column":1}},"2":{"start":{"line":6,"column":2},"end":{"line":14,"column":3}},"3":{"start":{"line":7,"column":21},"end":{"line":10,"column":6}},"4":{"start":{"line":11,"column":4},"end":{"line":11,"column":33}},"5":{"start":{"line":13,"column":4},"end":{"line":13,"column":23}},"6":{"start":{"line":5,"column":13},"end":{"line":5,"column":27}},"7":{"start":{"line":17,"column":30},"end":{"line":32,"column":1}},"8":{"start":{"line":18,"column":2},"end":{"line":31,"column":3}},"9":{"start":{"line":19,"column":19},"end":{"line":19,"column":29}},"10":{"start":{"line":20,"column":20},"end":{"line":20,"column":46}},"11":{"start":{"line":21,"column":4},"end":{"line":25,"column":5}},"12":{"start":{"line":22,"column":6},"end":{"line":24,"column":9}},"13":{"start":{"line":26,"column":4},"end":{"line":26,"column":32}},"14":{"start":{"line":28,"column":4},"end":{"line":30,"column":7}},"15":{"start":{"line":17,"column":13},"end":{"line":17,"column":30}},"16":{"start":{"line":34,"column":29},"end":{"line":41,"column":1}},"17":{"start":{"line":35,"column":2},"end":{"line":40,"column":3}},"18":{"start":{"line":36,"column":20},"end":{"line":36,"column":50}},"19":{"start":{"line":37,"column":4},"end":{"line":37,"column":32}},"20":{"start":{"line":39,"column":4},"end":{"line":39,"column":23}},"21":{"start":{"line":34,"column":13},"end":{"line":34,"column":29}},"22":{"start":{"line":43,"column":29},"end":{"line":61,"column":1}},"23":{"start":{"line":44,"column":2},"end":{"line":60,"column":3}},"24":{"start":{"line":45,"column":19},"end":{"line":45,"column":29}},"25":{"start":{"line":46,"column":20},"end":{"line":46,"column":46}},"26":{"start":{"line":47,"column":4},"end":{"line":51,"column":5}},"27":{"start":{"line":48,"column":6},"end":{"line":50,"column":9}},"28":{"start":{"line":54,"column":4},"end":{"line":54,"column":35}},"29":{"start":{"line":55,"column":4},"end":{"line":55,"column":25}},"30":{"start":{"line":57,"column":4},"end":{"line":57,"column":32}},"31":{"start":{"line":59,"column":4},"end":{"line":59,"column":25}},"32":{"start":{"line":43,"column":13},"end":{"line":43,"column":29}},"33":{"start":{"line":63,"column":34},"end":{"line":81,"column":1}},"34":{"start":{"line":64,"column":2},"end":{"line":80,"column":3}},"35":{"start":{"line":65,"column":19},"end":{"line":65,"column":29}},"36":{"start":{"line":66,"column":20},"end":{"line":66,"column":46}},"37":{"start":{"line":67,"column":4},"end":{"line":71,"column":5}},"38":{"start":{"line":68,"column":6},"end":{"line":70,"column":9}},"39":{"start":{"line":74,"column":4},"end":{"line":74,"column":54}},"40":{"start":{"line":75,"column":4},"end":{"line":75,"column":25}},"41":{"start":{"line":77,"column":4},"end":{"line":77,"column":32}},"42":{"start":{"line":79,"column":4},"end":{"line":79,"column":25}},"43":{"start":{"line":63,"column":13},"end":{"line":63,"column":34}},"44":{"start":{"line":83,"column":29},"end":{"line":100,"column":1}},"45":{"start":{"line":84,"column":2},"end":{"line":99,"column":3}},"46":{"start":{"line":85,"column":19},"end":{"line":85,"column":29}},"47":{"start":{"line":86,"column":20},"end":{"line":86,"column":46}},"48":{"start":{"line":87,"column":4},"end":{"line":91,"column":5}},"49":{"start":{"line":88,"column":6},"end":{"line":90,"column":9}},"50":{"start":{"line":94,"column":4},"end":{"line":94,"column":28}},"51":{"start":{"line":96,"column":4},"end":{"line":96,"column":63}},"52":{"start":{"line":98,"column":4},"end":{"line":98,"column":25}},"53":{"start":{"line":83,"column":13},"end":{"line":83,"column":29}}},"fnMap":{"0":{"name":"(anonymous_1)","decl":{"start":{"line":5,"column":27},"end":{"line":5,"column":32}},"loc":{"start":{"line":5,"column":65},"end":{"line":15,"column":1}}},"1":{"name":"(anonymous_2)","decl":{"start":{"line":17,"column":30},"end":{"line":17,"column":35}},"loc":{"start":{"line":17,"column":68},"end":{"line":32,"column":1}}},"2":{"name":"(anonymous_3)","decl":{"start":{"line":34,"column":29},"end":{"line":34,"column":34}},"loc":{"start":{"line":34,"column":67},"end":{"line":41,"column":1}}},"3":{"name":"(anonymous_4)","decl":{"start":{"line":43,"column":29},"end":{"line":43,"column":34}},"loc":{"start":{"line":43,"column":67},"end":{"line":61,"column":1}}},"4":{"name":"(anonymous_5)","decl":{"start":{"line":63,"column":34},"end":{"line":63,"column":39}},"loc":{"start":{"line":63,"column":72},"end":{"line":81,"column":1}}},"5":{"name":"(anonymous_6)","decl":{"start":{"line":83,"column":29},"end":{"line":83,"column":34}},"loc":{"start":{"line":83,"column":67},"end":{"line":100,"column":1}}}},"branchMap":{"0":{"loc":{"start":{"line":21,"column":4},"end":{"line":25,"column":5}},"type":"if","locations":[{"start":{"line":21,"column":4},"end":{"line":25,"column":5}}]},"1":{"loc":{"start":{"line":47,"column":4},"end":{"line":51,"column":5}},"type":"if","locations":[{"start":{"line":47,"column":4},"end":{"line":51,"column":5}}]},"2":{"loc":{"start":{"line":67,"column":4},"end":{"line":71,"column":5}},"type":"if","locations":[{"start":{"line":67,"column":4},"end":{"line":71,"column":5}}]},"3":{"loc":{"start":{"line":87,"column":4},"end":{"line":91,"column":5}},"type":"if","locations":[{"start":{"line":87,"column":4},"end":{"line":91,"column":5}}]}},"s":{"0":2,"1":2,"2":2,"3":2,"4":2,"5":0,"6":2,"7":2,"8":3,"9":3,"10":3,"11":2,"12":1,"13":1,"14":1,"15":2,"16":2,"17":1,"18":1,"19":1,"20":0,"21":2,"22":2,"23":2,"24":2,"25":2,"26":2,"27":1,"28":1,"29":1,"30":1,"31":0,"32":2,"33":2,"34":2,"35":2,"36":2,"37":2,"38":1,"39":1,"40":1,"41":1,"42":0,"43":2,"44":2,"45":2,"46":2,"47":2,"48":2,"49":1,"50":1,"51":1,"52":0,"53":2},"f":{"0":2,"1":3,"2":1,"3":2,"4":2,"5":2},"b":{"0":[1],"1":[1],"2":[1],"3":[1]}}
,"E:\\Escritorio\\rest-api\\src\\middleware\\index.ts": {"path":"E:\\Escritorio\\rest-api\\src\\middleware\\index.ts","statementMap":{"0":{"start":{"line":2,"column":0},"end":{"line":2,"column":53}},"1":{"start":{"line":4,"column":33},"end":{"line":13,"column":1}},"2":{"start":{"line":6,"column":15},"end":{"line":6,"column":36}},"3":{"start":{"line":7,"column":2},"end":{"line":9,"column":3}},"4":{"start":{"line":8,"column":4},"end":{"line":8,"column":null}},"5":{"start":{"line":11,"column":2},"end":{"line":11,"column":null}},"6":{"start":{"line":4,"column":13},"end":{"line":4,"column":33}}},"fnMap":{"0":{"name":"(anonymous_0)","decl":{"start":{"line":4,"column":33},"end":{"line":4,"column":34}},"loc":{"start":{"line":4,"column":85},"end":{"line":13,"column":1}}}},"branchMap":{"0":{"loc":{"start":{"line":7,"column":2},"end":{"line":9,"column":3}},"type":"if","locations":[{"start":{"line":7,"column":2},"end":{"line":9,"column":3}}]}},"s":{"0":2,"1":2,"2":14,"3":14,"4":7,"5":7,"6":2},"f":{"0":14},"b":{"0":[7]}}
,"E:\\Escritorio\\rest-api\\src\\models\\Product.model.ts": {"path":"E:\\Escritorio\\rest-api\\src\\models\\Product.model.ts","statementMap":{"0":{"start":{"line":1,"column":0},"end":{"line":1,"column":79}},"1":{"start":{"line":6,"column":0},"end":{"line":22,"column":null}},"2":{"start":{"line":10,"column":10},"end":{"line":10,"column":null}},"3":{"start":{"line":15,"column":10},"end":{"line":15,"column":null}},"4":{"start":{"line":21,"column":10},"end":{"line":21,"column":null}},"5":{"start":{"line":6,"column":6},"end":{"line":22,"column":null}},"6":{"start":{"line":24,"column":0},"end":{"line":24,"column":23}}},"fnMap":{},"branchMap":{},"s":{"0":2,"1":2,"2":2,"3":2,"4":2,"5":2,"6":2},"f":{},"b":{}}
}
